\BOOKMARK [0][-]{chapter.1}{Intro}{}% 1
\BOOKMARK [0][-]{chapter.2}{Conceptual\040overview\040of\040modelling}{}% 2
\BOOKMARK [0][-]{chapter.3}{Getting\040started\040on\040a\040modelling\040package}{}% 3
\BOOKMARK [0][-]{chapter.4}{Model\040objects}{}% 4
\BOOKMARK [0][-]{chapter.5}{Data\040Specification}{}% 5
\BOOKMARK [1][-]{section.5.1}{Formulas}{chapter.5}% 6
\BOOKMARK [0][-]{chapter.6}{Functional\040programming\040principles}{}% 7
\BOOKMARK [0][-]{chapter.7}{Data}{}% 8
\BOOKMARK [0][-]{chapter.8}{Documentation}{}% 9
\BOOKMARK [0][-]{chapter.9}{Testing}{}% 10
\BOOKMARK [0][-]{chapter.10}{Workflow}{}% 11
\BOOKMARK [1][-]{section.10.1}{Prediction}{chapter.10}% 12
\BOOKMARK [1][-]{section.10.2}{Inference}{chapter.10}% 13
\BOOKMARK [0][-]{chapter.11}{Interface}{}% 14
\BOOKMARK [0][-]{chapter.12}{Low\040and\040high\040level\040interfaces}{}% 15
\BOOKMARK [0][-]{chapter.13}{Interactive\040modelling}{}% 16
\BOOKMARK [0][-]{chapter.14}{Programmatic\040modelling}{}% 17
\BOOKMARK [0][-]{chapter.15}{Vocabulary}{}% 18
\BOOKMARK [1][-]{section.15.1}{model\040frame\040stuff}{chapter.15}% 19
\BOOKMARK [1][-]{section.15.2}{na.action\040stuff}{chapter.15}% 20
\BOOKMARK [1][-]{section.15.3}{quoting\040operators}{chapter.15}% 21
\BOOKMARK [0][-]{chapter.16}{Naming\040things}{}% 22
\BOOKMARK [1][-]{section.16.1}{How\040to\040name\040function\040arguments}{chapter.16}% 23
\BOOKMARK [1][-]{section.16.2}{How\040to\040name\040model\040components}{chapter.16}% 24
\BOOKMARK [0][-]{chapter.17}{Danger\040Zone}{}% 25
\BOOKMARK [1][-]{section.17.1}{Warnings\040/\040places\040to\040use\040care}{chapter.17}% 26
\BOOKMARK [1][-]{section.17.2}{Anti-patterns}{chapter.17}% 27
\BOOKMARK [1][-]{section.17.3}{Things\040to\040be\040aware\040of}{chapter.17}% 28
\BOOKMARK [0][-]{chapter.18}{References}{}% 29
